{"C:\\my-proyectos\\hotel-reservation\\src\\controllers\\clients\\getListClients.ts": {"path":"C:\\my-proyectos\\hotel-reservation\\src\\controllers\\clients\\getListClients.ts","statementMap":{"0":{"start":{"line":3,"column":0},"end":{"line":3,"column":45}},"1":{"start":{"line":4,"column":0},"end":{"line":4,"column":60}},"2":{"start":{"line":6,"column":26},"end":{"line":21,"column":2}},"3":{"start":{"line":6,"column":60},"end":{"line":21,"column":2}},"4":{"start":{"line":7,"column":10},"end":{"line":7,"column":40}},"5":{"start":{"line":8,"column":8},"end":{"line":12,"column":6}},"6":{"start":{"line":13,"column":4},"end":{"line":13,"column":null}},"7":{"start":{"line":15,"column":24},"end":{"line":15,"column":null}},"8":{"start":{"line":15,"column":14},"end":{"line":15,"column":null}},"9":{"start":{"line":16,"column":8},"end":{"line":16,"column":38}},"10":{"start":{"line":18,"column":8},"end":{"line":18,"column":25}},"11":{"start":{"line":19,"column":8},"end":{"line":19,"column":66}},"12":{"start":{"line":6,"column":13},"end":{"line":6,"column":26}}},"fnMap":{"0":{"name":"(anonymous_16)","decl":{"start":{"line":6,"column":26},"end":{"line":6,"column":33}},"loc":{"start":{"line":6,"column":60},"end":{"line":21,"column":2}}},"1":{"name":"(anonymous_17)","decl":{"start":{"line":6,"column":60},"end":{"line":6,"column":null}},"loc":{"start":{"line":6,"column":60},"end":{"line":21,"column":2}}}},"branchMap":{},"s":{"0":6,"1":6,"2":6,"3":2,"4":2,"5":2,"6":2,"7":2,"8":2,"9":0,"10":2,"11":2,"12":6},"f":{"0":2,"1":2},"b":{}}
,"C:\\my-proyectos\\hotel-reservation\\src\\controllers\\invoices\\getInvoices.ts": {"path":"C:\\my-proyectos\\hotel-reservation\\src\\controllers\\invoices\\getInvoices.ts","statementMap":{"0":{"start":{"line":3,"column":0},"end":{"line":3,"column":46}},"1":{"start":{"line":4,"column":0},"end":{"line":4,"column":60}},"2":{"start":{"line":6,"column":27},"end":{"line":21,"column":2}},"3":{"start":{"line":6,"column":61},"end":{"line":21,"column":2}},"4":{"start":{"line":7,"column":10},"end":{"line":7,"column":40}},"5":{"start":{"line":8,"column":8},"end":{"line":12,"column":6}},"6":{"start":{"line":13,"column":4},"end":{"line":13,"column":null}},"7":{"start":{"line":15,"column":25},"end":{"line":15,"column":null}},"8":{"start":{"line":15,"column":14},"end":{"line":15,"column":null}},"9":{"start":{"line":16,"column":8},"end":{"line":16,"column":39}},"10":{"start":{"line":18,"column":8},"end":{"line":18,"column":25}},"11":{"start":{"line":19,"column":8},"end":{"line":19,"column":66}},"12":{"start":{"line":6,"column":13},"end":{"line":6,"column":27}}},"fnMap":{"0":{"name":"(anonymous_16)","decl":{"start":{"line":6,"column":27},"end":{"line":6,"column":34}},"loc":{"start":{"line":6,"column":61},"end":{"line":21,"column":2}}},"1":{"name":"(anonymous_17)","decl":{"start":{"line":6,"column":61},"end":{"line":6,"column":null}},"loc":{"start":{"line":6,"column":61},"end":{"line":21,"column":2}}}},"branchMap":{},"s":{"0":6,"1":6,"2":6,"3":2,"4":2,"5":2,"6":2,"7":2,"8":2,"9":2,"10":0,"11":0,"12":6},"f":{"0":2,"1":2},"b":{}}
,"C:\\my-proyectos\\hotel-reservation\\src\\controllers\\payments\\getTypePayments.ts": {"path":"C:\\my-proyectos\\hotel-reservation\\src\\controllers\\payments\\getTypePayments.ts","statementMap":{"0":{"start":{"line":3,"column":0},"end":{"line":3,"column":53}},"1":{"start":{"line":4,"column":0},"end":{"line":4,"column":60}},"2":{"start":{"line":6,"column":27},"end":{"line":21,"column":2}},"3":{"start":{"line":6,"column":61},"end":{"line":21,"column":2}},"4":{"start":{"line":7,"column":10},"end":{"line":7,"column":40}},"5":{"start":{"line":8,"column":8},"end":{"line":12,"column":6}},"6":{"start":{"line":13,"column":4},"end":{"line":13,"column":null}},"7":{"start":{"line":15,"column":25},"end":{"line":15,"column":null}},"8":{"start":{"line":15,"column":14},"end":{"line":15,"column":null}},"9":{"start":{"line":16,"column":8},"end":{"line":16,"column":39}},"10":{"start":{"line":18,"column":8},"end":{"line":18,"column":25}},"11":{"start":{"line":19,"column":8},"end":{"line":19,"column":66}},"12":{"start":{"line":6,"column":13},"end":{"line":6,"column":27}}},"fnMap":{"0":{"name":"(anonymous_16)","decl":{"start":{"line":6,"column":27},"end":{"line":6,"column":34}},"loc":{"start":{"line":6,"column":61},"end":{"line":21,"column":2}}},"1":{"name":"(anonymous_17)","decl":{"start":{"line":6,"column":61},"end":{"line":6,"column":null}},"loc":{"start":{"line":6,"column":61},"end":{"line":21,"column":2}}}},"branchMap":{},"s":{"0":6,"1":6,"2":6,"3":2,"4":2,"5":2,"6":2,"7":2,"8":2,"9":0,"10":2,"11":2,"12":6},"f":{"0":2,"1":2},"b":{}}
,"C:\\my-proyectos\\hotel-reservation\\src\\controllers\\reservations\\createReservation.ts": {"path":"C:\\my-proyectos\\hotel-reservation\\src\\controllers\\reservations\\createReservation.ts","statementMap":{"0":{"start":{"line":2,"column":0},"end":{"line":2,"column":60}},"1":{"start":{"line":5,"column":33},"end":{"line":27,"column":null}},"2":{"start":{"line":5,"column":66},"end":{"line":27,"column":null}},"3":{"start":{"line":6,"column":10},"end":{"line":6,"column":26}},"4":{"start":{"line":8,"column":38},"end":{"line":17,"column":null}},"5":{"start":{"line":8,"column":14},"end":{"line":8,"column":38}},"6":{"start":{"line":18,"column":8},"end":{"line":20,"column":null}},"7":{"start":{"line":19,"column":12},"end":{"line":19,"column":117}},"8":{"start":{"line":21,"column":8},"end":{"line":21,"column":44}},"9":{"start":{"line":23,"column":8},"end":{"line":23,"column":27}},"10":{"start":{"line":24,"column":8},"end":{"line":24,"column":64}},"11":{"start":{"line":5,"column":13},"end":{"line":5,"column":33}}},"fnMap":{"0":{"name":"(anonymous_16)","decl":{"start":{"line":5,"column":33},"end":{"line":5,"column":39}},"loc":{"start":{"line":5,"column":66},"end":{"line":27,"column":null}}},"1":{"name":"(anonymous_17)","decl":{"start":{"line":5,"column":66},"end":{"line":5,"column":null}},"loc":{"start":{"line":5,"column":66},"end":{"line":27,"column":null}}}},"branchMap":{"0":{"loc":{"start":{"line":18,"column":8},"end":{"line":20,"column":null}},"type":"if","locations":[{"start":{"line":18,"column":8},"end":{"line":20,"column":null}}]}},"s":{"0":6,"1":6,"2":2,"3":2,"4":2,"5":2,"6":2,"7":1,"8":1,"9":0,"10":0,"11":6},"f":{"0":2,"1":2},"b":{"0":[1]}}
,"C:\\my-proyectos\\hotel-reservation\\src\\controllers\\reservations\\deleteReservation.ts": {"path":"C:\\my-proyectos\\hotel-reservation\\src\\controllers\\reservations\\deleteReservation.ts","statementMap":{"0":{"start":{"line":2,"column":0},"end":{"line":2,"column":50}},"1":{"start":{"line":4,"column":33},"end":{"line":20,"column":null}},"2":{"start":{"line":4,"column":66},"end":{"line":20,"column":null}},"3":{"start":{"line":5,"column":10},"end":{"line":5,"column":29}},"4":{"start":{"line":7,"column":30},"end":{"line":13,"column":null}},"5":{"start":{"line":7,"column":14},"end":{"line":13,"column":null}},"6":{"start":{"line":14,"column":8},"end":{"line":14,"column":64}},"7":{"start":{"line":16,"column":8},"end":{"line":16,"column":27}},"8":{"start":{"line":17,"column":8},"end":{"line":17,"column":64}},"9":{"start":{"line":4,"column":13},"end":{"line":4,"column":33}}},"fnMap":{"0":{"name":"(anonymous_13)","decl":{"start":{"line":4,"column":33},"end":{"line":4,"column":39}},"loc":{"start":{"line":4,"column":66},"end":{"line":20,"column":null}}},"1":{"name":"(anonymous_14)","decl":{"start":{"line":4,"column":66},"end":{"line":4,"column":null}},"loc":{"start":{"line":4,"column":66},"end":{"line":20,"column":null}}}},"branchMap":{},"s":{"0":6,"1":6,"2":1,"3":1,"4":1,"5":1,"6":1,"7":0,"8":0,"9":6},"f":{"0":1,"1":1},"b":{}}
,"C:\\my-proyectos\\hotel-reservation\\src\\controllers\\reservations\\getReservations.ts": {"path":"C:\\my-proyectos\\hotel-reservation\\src\\controllers\\reservations\\getReservations.ts","statementMap":{"0":{"start":{"line":3,"column":0},"end":{"line":3,"column":117}},"1":{"start":{"line":4,"column":0},"end":{"line":4,"column":60}},"2":{"start":{"line":6,"column":31},"end":{"line":37,"column":2}},"3":{"start":{"line":6,"column":65},"end":{"line":37,"column":2}},"4":{"start":{"line":7,"column":10},"end":{"line":7,"column":40}},"5":{"start":{"line":8,"column":8},"end":{"line":28,"column":6}},"6":{"start":{"line":29,"column":4},"end":{"line":29,"column":null}},"7":{"start":{"line":31,"column":29},"end":{"line":31,"column":null}},"8":{"start":{"line":31,"column":14},"end":{"line":31,"column":null}},"9":{"start":{"line":32,"column":8},"end":{"line":32,"column":43}},"10":{"start":{"line":34,"column":8},"end":{"line":34,"column":25}},"11":{"start":{"line":35,"column":8},"end":{"line":35,"column":66}},"12":{"start":{"line":6,"column":13},"end":{"line":6,"column":31}}},"fnMap":{"0":{"name":"(anonymous_16)","decl":{"start":{"line":6,"column":31},"end":{"line":6,"column":38}},"loc":{"start":{"line":6,"column":65},"end":{"line":37,"column":2}}},"1":{"name":"(anonymous_17)","decl":{"start":{"line":6,"column":65},"end":{"line":6,"column":null}},"loc":{"start":{"line":6,"column":65},"end":{"line":37,"column":2}}}},"branchMap":{},"s":{"0":6,"1":6,"2":6,"3":1,"4":1,"5":1,"6":1,"7":1,"8":1,"9":1,"10":0,"11":0,"12":6},"f":{"0":1,"1":1},"b":{}}
,"C:\\my-proyectos\\hotel-reservation\\src\\controllers\\reservations\\modifyReservation.ts": {"path":"C:\\my-proyectos\\hotel-reservation\\src\\controllers\\reservations\\modifyReservation.ts","statementMap":{"0":{"start":{"line":2,"column":0},"end":{"line":2,"column":60}},"1":{"start":{"line":4,"column":32},"end":{"line":19,"column":null}},"2":{"start":{"line":4,"column":65},"end":{"line":19,"column":null}},"3":{"start":{"line":5,"column":10},"end":{"line":5,"column":29}},"4":{"start":{"line":6,"column":10},"end":{"line":6,"column":26}},"5":{"start":{"line":8,"column":30},"end":{"line":12,"column":null}},"6":{"start":{"line":8,"column":14},"end":{"line":12,"column":null}},"7":{"start":{"line":13,"column":8},"end":{"line":13,"column":64}},"8":{"start":{"line":15,"column":8},"end":{"line":15,"column":29}},"9":{"start":{"line":16,"column":8},"end":{"line":16,"column":64}},"10":{"start":{"line":4,"column":13},"end":{"line":4,"column":32}}},"fnMap":{"0":{"name":"(anonymous_13)","decl":{"start":{"line":4,"column":32},"end":{"line":4,"column":38}},"loc":{"start":{"line":4,"column":65},"end":{"line":19,"column":null}}},"1":{"name":"(anonymous_14)","decl":{"start":{"line":4,"column":65},"end":{"line":4,"column":null}},"loc":{"start":{"line":4,"column":65},"end":{"line":19,"column":null}}}},"branchMap":{},"s":{"0":6,"1":6,"2":1,"3":1,"4":1,"5":1,"6":1,"7":1,"8":0,"9":0,"10":6},"f":{"0":1,"1":1},"b":{}}
,"C:\\my-proyectos\\hotel-reservation\\src\\controllers\\rooms\\getTypeRooms.ts": {"path":"C:\\my-proyectos\\hotel-reservation\\src\\controllers\\rooms\\getTypeRooms.ts","statementMap":{"0":{"start":{"line":3,"column":0},"end":{"line":3,"column":47}},"1":{"start":{"line":4,"column":0},"end":{"line":4,"column":60}},"2":{"start":{"line":6,"column":24},"end":{"line":21,"column":2}},"3":{"start":{"line":6,"column":58},"end":{"line":21,"column":2}},"4":{"start":{"line":7,"column":10},"end":{"line":7,"column":40}},"5":{"start":{"line":8,"column":8},"end":{"line":12,"column":6}},"6":{"start":{"line":13,"column":4},"end":{"line":13,"column":null}},"7":{"start":{"line":15,"column":22},"end":{"line":15,"column":null}},"8":{"start":{"line":15,"column":14},"end":{"line":15,"column":null}},"9":{"start":{"line":16,"column":8},"end":{"line":16,"column":36}},"10":{"start":{"line":18,"column":8},"end":{"line":18,"column":25}},"11":{"start":{"line":19,"column":8},"end":{"line":19,"column":66}},"12":{"start":{"line":6,"column":13},"end":{"line":6,"column":24}}},"fnMap":{"0":{"name":"(anonymous_16)","decl":{"start":{"line":6,"column":24},"end":{"line":6,"column":31}},"loc":{"start":{"line":6,"column":58},"end":{"line":21,"column":2}}},"1":{"name":"(anonymous_17)","decl":{"start":{"line":6,"column":58},"end":{"line":6,"column":null}},"loc":{"start":{"line":6,"column":58},"end":{"line":21,"column":2}}}},"branchMap":{},"s":{"0":6,"1":6,"2":6,"3":2,"4":2,"5":2,"6":2,"7":2,"8":2,"9":2,"10":0,"11":0,"12":6},"f":{"0":2,"1":2},"b":{}}
,"C:\\my-proyectos\\hotel-reservation\\src\\controllers\\statusReservations\\getTypeReservations.ts": {"path":"C:\\my-proyectos\\hotel-reservation\\src\\controllers\\statusReservations\\getTypeReservations.ts","statementMap":{"0":{"start":{"line":3,"column":0},"end":{"line":3,"column":56}},"1":{"start":{"line":4,"column":0},"end":{"line":4,"column":60}},"2":{"start":{"line":6,"column":30},"end":{"line":21,"column":2}},"3":{"start":{"line":6,"column":64},"end":{"line":21,"column":2}},"4":{"start":{"line":7,"column":10},"end":{"line":7,"column":40}},"5":{"start":{"line":8,"column":8},"end":{"line":12,"column":6}},"6":{"start":{"line":13,"column":4},"end":{"line":13,"column":null}},"7":{"start":{"line":15,"column":29},"end":{"line":15,"column":null}},"8":{"start":{"line":15,"column":14},"end":{"line":15,"column":null}},"9":{"start":{"line":16,"column":8},"end":{"line":16,"column":43}},"10":{"start":{"line":18,"column":8},"end":{"line":18,"column":25}},"11":{"start":{"line":19,"column":8},"end":{"line":19,"column":66}},"12":{"start":{"line":6,"column":13},"end":{"line":6,"column":30}}},"fnMap":{"0":{"name":"(anonymous_16)","decl":{"start":{"line":6,"column":30},"end":{"line":6,"column":37}},"loc":{"start":{"line":6,"column":64},"end":{"line":21,"column":2}}},"1":{"name":"(anonymous_17)","decl":{"start":{"line":6,"column":64},"end":{"line":6,"column":null}},"loc":{"start":{"line":6,"column":64},"end":{"line":21,"column":2}}}},"branchMap":{},"s":{"0":6,"1":6,"2":6,"3":2,"4":2,"5":2,"6":2,"7":2,"8":2,"9":0,"10":2,"11":2,"12":6},"f":{"0":2,"1":2},"b":{}}
,"C:\\my-proyectos\\hotel-reservation\\src\\database\\db.ts": {"path":"C:\\my-proyectos\\hotel-reservation\\src\\database\\db.ts","statementMap":{"0":{"start":{"line":2,"column":0},"end":{"line":2,"column":38}},"1":{"start":{"line":3,"column":0},"end":{"line":3,"column":27}},"2":{"start":{"line":5,"column":21},"end":{"line":5,"column":51}},"3":{"start":{"line":6,"column":11},"end":{"line":10,"column":2}},"4":{"start":{"line":11,"column":0},"end":{"line":11,"column":18}}},"fnMap":{},"branchMap":{"0":{"loc":{"start":{"line":5,"column":21},"end":{"line":5,"column":51}},"type":"binary-expr","locations":[{"start":{"line":5,"column":21},"end":{"line":5,"column":45}},{"start":{"line":5,"column":49},"end":{"line":5,"column":51}}]}},"s":{"0":6,"1":6,"2":6,"3":6,"4":6},"f":{},"b":{"0":[6,0]}}
,"C:\\my-proyectos\\hotel-reservation\\src\\helpers\\addPagination.ts": {"path":"C:\\my-proyectos\\hotel-reservation\\src\\helpers\\addPagination.ts","statementMap":{"0":{"start":{"line":1,"column":29},"end":{"line":11,"column":1}},"1":{"start":{"line":2,"column":4},"end":{"line":9,"column":null}},"2":{"start":{"line":3,"column":8},"end":{"line":7,"column":10}},"3":{"start":{"line":8,"column":8},"end":{"line":8,"column":29}},"4":{"start":{"line":10,"column":4},"end":{"line":10,"column":null}},"5":{"start":{"line":1,"column":13},"end":{"line":1,"column":29}}},"fnMap":{"0":{"name":"(anonymous_2)","decl":{"start":{"line":1,"column":29},"end":{"line":1,"column":33}},"loc":{"start":{"line":1,"column":72},"end":{"line":11,"column":1}}}},"branchMap":{"0":{"loc":{"start":{"line":2,"column":4},"end":{"line":9,"column":null}},"type":"if","locations":[{"start":{"line":2,"column":4},"end":{"line":9,"column":null}}]},"1":{"loc":{"start":{"line":2,"column":9},"end":{"line":2,"column":51}},"type":"binary-expr","locations":[{"start":{"line":2,"column":9},"end":{"line":2,"column":28}},{"start":{"line":2,"column":33},"end":{"line":2,"column":51}}]}},"s":{"0":7,"1":13,"2":7,"3":7,"4":6,"5":7},"f":{"0":13},"b":{"0":[7],"1":[13,7]}}
,"C:\\my-proyectos\\hotel-reservation\\src\\models\\clients.ts": {"path":"C:\\my-proyectos\\hotel-reservation\\src\\models\\clients.ts","statementMap":{"0":{"start":{"line":1,"column":0},"end":{"line":1,"column":39}},"1":{"start":{"line":2,"column":0},"end":{"line":2,"column":38}},"2":{"start":{"line":6,"column":13},"end":{"line":29,"column":53}}},"fnMap":{},"branchMap":{},"s":{"0":6,"1":6,"2":6},"f":{},"b":{}}
,"C:\\my-proyectos\\hotel-reservation\\src\\models\\index.ts": {"path":"C:\\my-proyectos\\hotel-reservation\\src\\models\\index.ts","statementMap":{"0":{"start":{"line":1,"column":0},"end":{"line":1,"column":9}},"1":{"start":{"line":1,"column":9},"end":{"line":1,"column":36}},"2":{"start":{"line":2,"column":0},"end":{"line":2,"column":9}},"3":{"start":{"line":2,"column":9},"end":{"line":2,"column":38}},"4":{"start":{"line":3,"column":0},"end":{"line":3,"column":9}},"5":{"start":{"line":3,"column":9},"end":{"line":3,"column":51}},"6":{"start":{"line":4,"column":0},"end":{"line":4,"column":9}},"7":{"start":{"line":4,"column":9},"end":{"line":4,"column":46}},"8":{"start":{"line":5,"column":0},"end":{"line":5,"column":9}},"9":{"start":{"line":5,"column":9},"end":{"line":5,"column":57}},"10":{"start":{"line":6,"column":0},"end":{"line":6,"column":9}},"11":{"start":{"line":6,"column":9},"end":{"line":6,"column":39}}},"fnMap":{"0":{"name":"(anonymous_0)","decl":{"start":{"line":1,"column":9},"end":{"line":1,"column":16}},"loc":{"start":{"line":1,"column":9},"end":{"line":1,"column":36}}},"1":{"name":"(anonymous_1)","decl":{"start":{"line":2,"column":9},"end":{"line":2,"column":17}},"loc":{"start":{"line":2,"column":9},"end":{"line":2,"column":38}}},"2":{"name":"(anonymous_2)","decl":{"start":{"line":3,"column":9},"end":{"line":3,"column":24}},"loc":{"start":{"line":3,"column":9},"end":{"line":3,"column":51}}},"3":{"name":"(anonymous_3)","decl":{"start":{"line":4,"column":9},"end":{"line":4,"column":21}},"loc":{"start":{"line":4,"column":9},"end":{"line":4,"column":46}}},"4":{"name":"(anonymous_4)","decl":{"start":{"line":5,"column":9},"end":{"line":5,"column":27}},"loc":{"start":{"line":5,"column":9},"end":{"line":5,"column":57}}},"5":{"name":"(anonymous_5)","decl":{"start":{"line":6,"column":9},"end":{"line":6,"column":18}},"loc":{"start":{"line":6,"column":9},"end":{"line":6,"column":39}}}},"branchMap":{},"s":{"0":6,"1":27,"2":6,"3":23,"4":6,"5":9,"6":6,"7":11,"8":6,"9":9,"10":6,"11":9},"f":{"0":21,"1":17,"2":3,"3":5,"4":3,"5":3},"b":{}}
,"C:\\my-proyectos\\hotel-reservation\\src\\models\\invoices.ts": {"path":"C:\\my-proyectos\\hotel-reservation\\src\\models\\invoices.ts","statementMap":{"0":{"start":{"line":1,"column":0},"end":{"line":1,"column":39}},"1":{"start":{"line":2,"column":0},"end":{"line":2,"column":38}},"2":{"start":{"line":4,"column":13},"end":{"line":27,"column":53}}},"fnMap":{},"branchMap":{},"s":{"0":6,"1":6,"2":6},"f":{},"b":{}}
,"C:\\my-proyectos\\hotel-reservation\\src\\models\\paymentMethods.ts": {"path":"C:\\my-proyectos\\hotel-reservation\\src\\models\\paymentMethods.ts","statementMap":{"0":{"start":{"line":1,"column":0},"end":{"line":1,"column":39}},"1":{"start":{"line":2,"column":0},"end":{"line":2,"column":38}},"2":{"start":{"line":3,"column":0},"end":{"line":3,"column":46}},"3":{"start":{"line":5,"column":13},"end":{"line":24,"column":60}},"4":{"start":{"line":26,"column":0},"end":{"line":26,"column":59}},"5":{"start":{"line":27,"column":0},"end":{"line":27,"column":69}}},"fnMap":{},"branchMap":{},"s":{"0":6,"1":6,"2":6,"3":6,"4":6,"5":6},"f":{},"b":{}}
,"C:\\my-proyectos\\hotel-reservation\\src\\models\\reservations.ts": {"path":"C:\\my-proyectos\\hotel-reservation\\src\\models\\reservations.ts","statementMap":{"0":{"start":{"line":1,"column":0},"end":{"line":1,"column":39}},"1":{"start":{"line":2,"column":0},"end":{"line":2,"column":38}},"2":{"start":{"line":3,"column":0},"end":{"line":3,"column":92}},"3":{"start":{"line":4,"column":13},"end":{"line":67,"column":84}},"4":{"start":{"line":70,"column":0},"end":{"line":70,"column":80}},"5":{"start":{"line":72,"column":0},"end":{"line":72,"column":58}},"6":{"start":{"line":73,"column":0},"end":{"line":73,"column":60}}},"fnMap":{},"branchMap":{},"s":{"0":6,"1":6,"2":6,"3":6,"4":6,"5":6,"6":6},"f":{},"b":{}}
,"C:\\my-proyectos\\hotel-reservation\\src\\models\\statusReservation.ts": {"path":"C:\\my-proyectos\\hotel-reservation\\src\\models\\statusReservation.ts","statementMap":{"0":{"start":{"line":1,"column":0},"end":{"line":1,"column":39}},"1":{"start":{"line":2,"column":0},"end":{"line":2,"column":38}},"2":{"start":{"line":4,"column":0},"end":{"line":4,"column":46}},"3":{"start":{"line":6,"column":13},"end":{"line":25,"column":63}},"4":{"start":{"line":28,"column":0},"end":{"line":28,"column":63}},"5":{"start":{"line":29,"column":0},"end":{"line":29,"column":68}}},"fnMap":{},"branchMap":{},"s":{"0":6,"1":6,"2":6,"3":6,"4":6,"5":6},"f":{},"b":{}}
,"C:\\my-proyectos\\hotel-reservation\\src\\models\\typeRoom.ts": {"path":"C:\\my-proyectos\\hotel-reservation\\src\\models\\typeRoom.ts","statementMap":{"0":{"start":{"line":1,"column":0},"end":{"line":1,"column":39}},"1":{"start":{"line":2,"column":0},"end":{"line":2,"column":38}},"2":{"start":{"line":4,"column":0},"end":{"line":4,"column":46}},"3":{"start":{"line":6,"column":13},"end":{"line":25,"column":54}},"4":{"start":{"line":27,"column":0},"end":{"line":27,"column":53}},"5":{"start":{"line":28,"column":0},"end":{"line":28,"column":60}}},"fnMap":{},"branchMap":{},"s":{"0":6,"1":6,"2":6,"3":6,"4":6,"5":6},"f":{},"b":{}}
,"C:\\my-proyectos\\hotel-reservation\\src\\routes\\routes.ts": {"path":"C:\\my-proyectos\\hotel-reservation\\src\\routes\\routes.ts","statementMap":{"0":{"start":{"line":1,"column":0},"end":{"line":1,"column":33}},"1":{"start":{"line":2,"column":0},"end":{"line":2,"column":70}},"2":{"start":{"line":3,"column":0},"end":{"line":3,"column":57}},"3":{"start":{"line":4,"column":0},"end":{"line":4,"column":60}},"4":{"start":{"line":5,"column":0},"end":{"line":5,"column":60}},"5":{"start":{"line":6,"column":0},"end":{"line":6,"column":50}},"6":{"start":{"line":7,"column":0},"end":{"line":7,"column":71}},"7":{"start":{"line":9,"column":15},"end":{"line":9,"column":23}},"8":{"start":{"line":16,"column":0},"end":{"line":16,"column":27}},"9":{"start":{"line":23,"column":0},"end":{"line":23,"column":22}},"10":{"start":{"line":29,"column":0},"end":{"line":29,"column":23}},"11":{"start":{"line":36,"column":0},"end":{"line":36,"column":23}},"12":{"start":{"line":42,"column":0},"end":{"line":42,"column":20}},"13":{"start":{"line":48,"column":0},"end":{"line":48,"column":26}},"14":{"start":{"line":51,"column":0},"end":{"line":51,"column":22}}},"fnMap":{},"branchMap":{},"s":{"0":6,"1":6,"2":6,"3":6,"4":6,"5":6,"6":6,"7":6,"8":6,"9":6,"10":6,"11":6,"12":6,"13":6,"14":6},"f":{},"b":{}}
,"C:\\my-proyectos\\hotel-reservation\\src\\routes\\clients\\clients.routes.ts": {"path":"C:\\my-proyectos\\hotel-reservation\\src\\routes\\clients\\clients.routes.ts","statementMap":{"0":{"start":{"line":2,"column":0},"end":{"line":2,"column":70}},"1":{"start":{"line":4,"column":29},"end":{"line":17,"column":1}},"2":{"start":{"line":15,"column":4},"end":{"line":15,"column":39}},"3":{"start":{"line":4,"column":13},"end":{"line":4,"column":29}}},"fnMap":{"0":{"name":"(anonymous_0)","decl":{"start":{"line":4,"column":29},"end":{"line":4,"column":30}},"loc":{"start":{"line":4,"column":44},"end":{"line":17,"column":1}}}},"branchMap":{},"s":{"0":6,"1":6,"2":6,"3":6},"f":{"0":6},"b":{}}
,"C:\\my-proyectos\\hotel-reservation\\src\\routes\\invoices\\invoices.routes.ts": {"path":"C:\\my-proyectos\\hotel-reservation\\src\\routes\\invoices\\invoices.routes.ts","statementMap":{"0":{"start":{"line":2,"column":0},"end":{"line":2,"column":69}},"1":{"start":{"line":4,"column":30},"end":{"line":17,"column":1}},"2":{"start":{"line":15,"column":4},"end":{"line":15,"column":41}},"3":{"start":{"line":4,"column":13},"end":{"line":4,"column":30}}},"fnMap":{"0":{"name":"(anonymous_0)","decl":{"start":{"line":4,"column":30},"end":{"line":4,"column":31}},"loc":{"start":{"line":4,"column":45},"end":{"line":17,"column":1}}}},"branchMap":{},"s":{"0":6,"1":6,"2":6,"3":6},"f":{"0":6},"b":{}}
,"C:\\my-proyectos\\hotel-reservation\\src\\routes\\payments\\payments.routes.ts": {"path":"C:\\my-proyectos\\hotel-reservation\\src\\routes\\payments\\payments.routes.ts","statementMap":{"0":{"start":{"line":2,"column":0},"end":{"line":2,"column":73}},"1":{"start":{"line":4,"column":30},"end":{"line":17,"column":1}},"2":{"start":{"line":15,"column":4},"end":{"line":15,"column":41}},"3":{"start":{"line":4,"column":13},"end":{"line":4,"column":30}}},"fnMap":{"0":{"name":"(anonymous_0)","decl":{"start":{"line":4,"column":30},"end":{"line":4,"column":31}},"loc":{"start":{"line":4,"column":45},"end":{"line":17,"column":1}}}},"branchMap":{},"s":{"0":6,"1":6,"2":6,"3":6},"f":{"0":6},"b":{}}
,"C:\\my-proyectos\\hotel-reservation\\src\\routes\\reservation\\reservation.routes.ts": {"path":"C:\\my-proyectos\\hotel-reservation\\src\\routes\\reservation\\reservation.routes.ts","statementMap":{"0":{"start":{"line":3,"column":0},"end":{"line":3,"column":81}},"1":{"start":{"line":4,"column":0},"end":{"line":4,"column":85}},"2":{"start":{"line":5,"column":0},"end":{"line":5,"column":85}},"3":{"start":{"line":6,"column":0},"end":{"line":6,"column":85}},"4":{"start":{"line":8,"column":34},"end":{"line":38,"column":1}},"5":{"start":{"line":19,"column":4},"end":{"line":19,"column":49}},"6":{"start":{"line":25,"column":4},"end":{"line":25,"column":52}},"7":{"start":{"line":30,"column":4},"end":{"line":30,"column":55}},"8":{"start":{"line":36,"column":4},"end":{"line":36,"column":58}},"9":{"start":{"line":8,"column":13},"end":{"line":8,"column":34}}},"fnMap":{"0":{"name":"(anonymous_0)","decl":{"start":{"line":8,"column":34},"end":{"line":8,"column":35}},"loc":{"start":{"line":8,"column":49},"end":{"line":38,"column":1}}}},"branchMap":{},"s":{"0":6,"1":6,"2":6,"3":6,"4":6,"5":6,"6":6,"7":6,"8":6,"9":6},"f":{"0":6},"b":{}}
,"C:\\my-proyectos\\hotel-reservation\\src\\routes\\rooms\\room.routes.ts": {"path":"C:\\my-proyectos\\hotel-reservation\\src\\routes\\rooms\\room.routes.ts","statementMap":{"0":{"start":{"line":2,"column":0},"end":{"line":2,"column":64}},"1":{"start":{"line":4,"column":27},"end":{"line":17,"column":1}},"2":{"start":{"line":15,"column":4},"end":{"line":15,"column":35}},"3":{"start":{"line":4,"column":13},"end":{"line":4,"column":27}}},"fnMap":{"0":{"name":"(anonymous_0)","decl":{"start":{"line":4,"column":27},"end":{"line":4,"column":28}},"loc":{"start":{"line":4,"column":42},"end":{"line":17,"column":1}}}},"branchMap":{},"s":{"0":6,"1":6,"2":6,"3":6},"f":{"0":6},"b":{}}
,"C:\\my-proyectos\\hotel-reservation\\src\\routes\\statusReservations\\status.routes.ts": {"path":"C:\\my-proyectos\\hotel-reservation\\src\\routes\\statusReservations\\status.routes.ts","statementMap":{"0":{"start":{"line":2,"column":0},"end":{"line":2,"column":90}},"1":{"start":{"line":4,"column":33},"end":{"line":17,"column":1}},"2":{"start":{"line":15,"column":4},"end":{"line":15,"column":42}},"3":{"start":{"line":4,"column":13},"end":{"line":4,"column":33}}},"fnMap":{"0":{"name":"(anonymous_0)","decl":{"start":{"line":4,"column":33},"end":{"line":4,"column":34}},"loc":{"start":{"line":4,"column":48},"end":{"line":17,"column":1}}}},"branchMap":{},"s":{"0":6,"1":6,"2":6,"3":6},"f":{"0":6},"b":{}}
,"C:\\my-proyectos\\hotel-reservation\\src\\server\\server.ts": {"path":"C:\\my-proyectos\\hotel-reservation\\src\\server\\server.ts","statementMap":{"0":{"start":{"line":1,"column":0},"end":{"line":1,"column":47}},"1":{"start":{"line":2,"column":0},"end":{"line":2,"column":24}},"2":{"start":{"line":3,"column":0},"end":{"line":3,"column":28}},"3":{"start":{"line":4,"column":0},"end":{"line":4,"column":32}},"4":{"start":{"line":5,"column":0},"end":{"line":5,"column":41}},"5":{"start":{"line":6,"column":0},"end":{"line":6,"column":26}},"6":{"start":{"line":8,"column":0},"end":{"line":8,"column":13}},"7":{"start":{"line":11,"column":16},"end":{"line":11,"column":58}},"8":{"start":{"line":12,"column":16},"end":{"line":14,"column":null}},"9":{"start":{"line":17,"column":12},"end":{"line":17,"column":33}},"10":{"start":{"line":18,"column":12},"end":{"line":18,"column":31}},"11":{"start":{"line":19,"column":12},"end":{"line":19,"column":26}},"12":{"start":{"line":20,"column":12},"end":{"line":20,"column":32}},"13":{"start":{"line":23,"column":8},"end":{"line":33,"column":null}},"14":{"start":{"line":26,"column":12},"end":{"line":26,"column":35}},"15":{"start":{"line":29,"column":12},"end":{"line":29,"column":43}},"16":{"start":{"line":32,"column":12},"end":{"line":32,"column":56}},"17":{"start":{"line":35,"column":8},"end":{"line":49,"column":null}},"18":{"start":{"line":36,"column":12},"end":{"line":48,"column":null}},"19":{"start":{"line":37,"column":16},"end":{"line":47,"column":28}},"20":{"start":{"line":51,"column":8},"end":{"line":53,"column":null}},"21":{"start":{"line":52,"column":11},"end":{"line":52,"column":59}},"22":{"start":{"line":55,"column":14},"end":{"line":65,"column":null}},"23":{"start":{"line":57,"column":20},"end":{"line":57,"column":48}},"24":{"start":{"line":58,"column":16},"end":{"line":60,"column":19}},"25":{"start":{"line":59,"column":20},"end":{"line":59,"column":106}},"26":{"start":{"line":62,"column":16},"end":{"line":62,"column":37}},"27":{"start":{"line":63,"column":16},"end":{"line":63,"column":59}},"28":{"start":{"line":68,"column":8},"end":{"line":73,"column":null}},"29":{"start":{"line":68,"column":8},"end":{"line":68,"column":14}},"30":{"start":{"line":69,"column":12},"end":{"line":72,"column":15}},"31":{"start":{"line":70,"column":16},"end":{"line":70,"column":null}},"32":{"start":{"line":71,"column":16},"end":{"line":71,"column":91}},"33":{"start":{"line":76,"column":8},"end":{"line":78,"column":null}},"34":{"start":{"line":77,"column":12},"end":{"line":77,"column":28}},"35":{"start":{"line":80,"column":0},"end":{"line":80,"column":null}},"36":{"start":{"line":8,"column":13},"end":{"line":8,"column":19}}},"fnMap":{"0":{"name":"(anonymous_14)","decl":{"start":{"line":8,"column":0},"end":{"line":8,"column":13}},"loc":{"start":{"line":8,"column":0},"end":{"line":80,"column":null}}},"1":{"name":"Server","decl":{"start":{"line":16,"column":8},"end":{"line":16,"column":null}},"loc":{"start":{"line":16,"column":8},"end":{"line":21,"column":9}}},"2":{"name":"(anonymous_16)","decl":{"start":{"line":23,"column":8},"end":{"line":23,"column":19}},"loc":{"start":{"line":23,"column":8},"end":{"line":33,"column":9}}},"3":{"name":"(anonymous_17)","decl":{"start":{"line":35,"column":8},"end":{"line":35,"column":30}},"loc":{"start":{"line":35,"column":8},"end":{"line":49,"column":9}}},"4":{"name":"(anonymous_18)","decl":{"start":{"line":36,"column":26},"end":{"line":36,"column":27}},"loc":{"start":{"line":36,"column":58},"end":{"line":48,"column":13}}},"5":{"name":"(anonymous_19)","decl":{"start":{"line":51,"column":8},"end":{"line":51,"column":14}},"loc":{"start":{"line":51,"column":8},"end":{"line":53,"column":9}}},"6":{"name":"(anonymous_20)","decl":{"start":{"line":55,"column":8},"end":{"line":55,"column":14}},"loc":{"start":{"line":55,"column":8},"end":{"line":65,"column":null}}},"7":{"name":"(anonymous_23)","decl":{"start":{"line":58,"column":45},"end":{"line":58,"column":null}},"loc":{"start":{"line":58,"column":45},"end":{"line":60,"column":17}}},"8":{"name":"(anonymous_24)","decl":{"start":{"line":68,"column":8},"end":{"line":68,"column":14}},"loc":{"start":{"line":68,"column":8},"end":{"line":73,"column":9}}},"9":{"name":"(anonymous_25)","decl":{"start":{"line":69,"column":40},"end":{"line":69,"column":null}},"loc":{"start":{"line":69,"column":40},"end":{"line":72,"column":13}}},"10":{"name":"(anonymous_26)","decl":{"start":{"line":76,"column":8},"end":{"line":76,"column":12}},"loc":{"start":{"line":76,"column":8},"end":{"line":78,"column":9}}}},"branchMap":{"0":{"loc":{"start":{"line":11,"column":31},"end":{"line":11,"column":57}},"type":"binary-expr","locations":[{"start":{"line":11,"column":31},"end":{"line":11,"column":47}},{"start":{"line":11,"column":51},"end":{"line":11,"column":57}}]}},"s":{"0":6,"1":6,"2":6,"3":6,"4":6,"5":6,"6":6,"7":15,"8":15,"9":15,"10":15,"11":15,"12":15,"13":6,"14":15,"15":15,"16":15,"17":6,"18":15,"19":15,"20":6,"21":15,"22":6,"23":15,"24":30,"25":8,"26":7,"27":7,"28":6,"29":0,"30":0,"31":0,"32":0,"33":6,"34":15,"35":6,"36":6},"f":{"0":6,"1":15,"2":15,"3":15,"4":15,"5":15,"6":15,"7":8,"8":0,"9":0,"10":15},"b":{"0":[15,15]}}
}
