TN:
SF:src\controllers\clients\getListClients.ts
FN:6,(anonymous_16)
FN:6,(anonymous_17)
FNF:2
FNH:2
FNDA:2,(anonymous_16)
FNDA:2,(anonymous_17)
DA:3,6
DA:4,6
DA:6,6
DA:7,2
DA:8,2
DA:13,2
DA:15,2
DA:16,0
DA:18,2
DA:19,2
LF:10
LH:9
BRF:0
BRH:0
end_of_record
TN:
SF:src\controllers\invoices\getInvoices.ts
FN:6,(anonymous_16)
FN:6,(anonymous_17)
FNF:2
FNH:2
FNDA:2,(anonymous_16)
FNDA:2,(anonymous_17)
DA:3,6
DA:4,6
DA:6,6
DA:7,2
DA:8,2
DA:13,2
DA:15,2
DA:16,2
DA:18,0
DA:19,0
LF:10
LH:8
BRF:0
BRH:0
end_of_record
TN:
SF:src\controllers\payments\getTypePayments.ts
FN:6,(anonymous_16)
FN:6,(anonymous_17)
FNF:2
FNH:2
FNDA:2,(anonymous_16)
FNDA:2,(anonymous_17)
DA:3,6
DA:4,6
DA:6,6
DA:7,2
DA:8,2
DA:13,2
DA:15,2
DA:16,0
DA:18,2
DA:19,2
LF:10
LH:9
BRF:0
BRH:0
end_of_record
TN:
SF:src\controllers\reservations\createReservation.ts
FN:5,(anonymous_16)
FN:5,(anonymous_17)
FNF:2
FNH:2
FNDA:2,(anonymous_16)
FNDA:2,(anonymous_17)
DA:2,6
DA:5,6
DA:6,2
DA:8,2
DA:18,2
DA:19,1
DA:21,1
DA:23,0
DA:24,0
LF:9
LH:7
BRDA:18,0,0,1
BRF:1
BRH:1
end_of_record
TN:
SF:src\controllers\reservations\deleteReservation.ts
FN:4,(anonymous_13)
FN:4,(anonymous_14)
FNF:2
FNH:2
FNDA:1,(anonymous_13)
FNDA:1,(anonymous_14)
DA:2,6
DA:4,6
DA:5,1
DA:7,1
DA:14,1
DA:16,0
DA:17,0
LF:7
LH:5
BRF:0
BRH:0
end_of_record
TN:
SF:src\controllers\reservations\getReservations.ts
FN:6,(anonymous_16)
FN:6,(anonymous_17)
FNF:2
FNH:2
FNDA:1,(anonymous_16)
FNDA:1,(anonymous_17)
DA:3,6
DA:4,6
DA:6,6
DA:7,1
DA:8,1
DA:29,1
DA:31,1
DA:32,1
DA:34,0
DA:35,0
LF:10
LH:8
BRF:0
BRH:0
end_of_record
TN:
SF:src\controllers\reservations\modifyReservation.ts
FN:4,(anonymous_13)
FN:4,(anonymous_14)
FNF:2
FNH:2
FNDA:1,(anonymous_13)
FNDA:1,(anonymous_14)
DA:2,6
DA:4,6
DA:5,1
DA:6,1
DA:8,1
DA:13,1
DA:15,0
DA:16,0
LF:8
LH:6
BRF:0
BRH:0
end_of_record
TN:
SF:src\controllers\rooms\getTypeRooms.ts
FN:6,(anonymous_16)
FN:6,(anonymous_17)
FNF:2
FNH:2
FNDA:2,(anonymous_16)
FNDA:2,(anonymous_17)
DA:3,6
DA:4,6
DA:6,6
DA:7,2
DA:8,2
DA:13,2
DA:15,2
DA:16,2
DA:18,0
DA:19,0
LF:10
LH:8
BRF:0
BRH:0
end_of_record
TN:
SF:src\controllers\statusReservations\getTypeReservations.ts
FN:6,(anonymous_16)
FN:6,(anonymous_17)
FNF:2
FNH:2
FNDA:2,(anonymous_16)
FNDA:2,(anonymous_17)
DA:3,6
DA:4,6
DA:6,6
DA:7,2
DA:8,2
DA:13,2
DA:15,2
DA:16,0
DA:18,2
DA:19,2
LF:10
LH:9
BRF:0
BRH:0
end_of_record
TN:
SF:src\database\db.ts
FNF:0
FNH:0
DA:2,6
DA:3,6
DA:5,6
DA:6,6
DA:11,6
LF:5
LH:5
BRDA:5,0,0,6
BRDA:5,0,1,0
BRF:2
BRH:1
end_of_record
TN:
SF:src\helpers\addPagination.ts
FN:1,(anonymous_2)
FNF:1
FNH:1
FNDA:13,(anonymous_2)
DA:1,7
DA:2,13
DA:3,7
DA:8,7
DA:10,6
LF:5
LH:5
BRDA:2,0,0,7
BRDA:2,1,0,13
BRDA:2,1,1,7
BRF:3
BRH:3
end_of_record
TN:
SF:src\models\clients.ts
FNF:0
FNH:0
DA:1,6
DA:2,6
DA:6,6
LF:3
LH:3
BRF:0
BRH:0
end_of_record
TN:
SF:src\models\index.ts
FN:1,(anonymous_0)
FN:2,(anonymous_1)
FN:3,(anonymous_2)
FN:4,(anonymous_3)
FN:5,(anonymous_4)
FN:6,(anonymous_5)
FNF:6
FNH:6
FNDA:21,(anonymous_0)
FNDA:17,(anonymous_1)
FNDA:3,(anonymous_2)
FNDA:5,(anonymous_3)
FNDA:3,(anonymous_4)
FNDA:3,(anonymous_5)
DA:1,27
DA:2,23
DA:3,9
DA:4,11
DA:5,9
DA:6,9
LF:6
LH:6
BRF:0
BRH:0
end_of_record
TN:
SF:src\models\invoices.ts
FNF:0
FNH:0
DA:1,6
DA:2,6
DA:4,6
LF:3
LH:3
BRF:0
BRH:0
end_of_record
TN:
SF:src\models\paymentMethods.ts
FNF:0
FNH:0
DA:1,6
DA:2,6
DA:3,6
DA:5,6
DA:26,6
DA:27,6
LF:6
LH:6
BRF:0
BRH:0
end_of_record
TN:
SF:src\models\reservations.ts
FNF:0
FNH:0
DA:1,6
DA:2,6
DA:3,6
DA:4,6
DA:70,6
DA:72,6
DA:73,6
LF:7
LH:7
BRF:0
BRH:0
end_of_record
TN:
SF:src\models\statusReservation.ts
FNF:0
FNH:0
DA:1,6
DA:2,6
DA:4,6
DA:6,6
DA:28,6
DA:29,6
LF:6
LH:6
BRF:0
BRH:0
end_of_record
TN:
SF:src\models\typeRoom.ts
FNF:0
FNH:0
DA:1,6
DA:2,6
DA:4,6
DA:6,6
DA:27,6
DA:28,6
LF:6
LH:6
BRF:0
BRH:0
end_of_record
TN:
SF:src\routes\routes.ts
FNF:0
FNH:0
DA:1,6
DA:2,6
DA:3,6
DA:4,6
DA:5,6
DA:6,6
DA:7,6
DA:9,6
DA:16,6
DA:23,6
DA:29,6
DA:36,6
DA:42,6
DA:48,6
DA:51,6
LF:15
LH:15
BRF:0
BRH:0
end_of_record
TN:
SF:src\routes\clients\clients.routes.ts
FN:4,(anonymous_0)
FNF:1
FNH:1
FNDA:6,(anonymous_0)
DA:2,6
DA:4,6
DA:15,6
LF:3
LH:3
BRF:0
BRH:0
end_of_record
TN:
SF:src\routes\invoices\invoices.routes.ts
FN:4,(anonymous_0)
FNF:1
FNH:1
FNDA:6,(anonymous_0)
DA:2,6
DA:4,6
DA:15,6
LF:3
LH:3
BRF:0
BRH:0
end_of_record
TN:
SF:src\routes\payments\payments.routes.ts
FN:4,(anonymous_0)
FNF:1
FNH:1
FNDA:6,(anonymous_0)
DA:2,6
DA:4,6
DA:15,6
LF:3
LH:3
BRF:0
BRH:0
end_of_record
TN:
SF:src\routes\reservation\reservation.routes.ts
FN:8,(anonymous_0)
FNF:1
FNH:1
FNDA:6,(anonymous_0)
DA:3,6
DA:4,6
DA:5,6
DA:6,6
DA:8,6
DA:19,6
DA:25,6
DA:30,6
DA:36,6
LF:9
LH:9
BRF:0
BRH:0
end_of_record
TN:
SF:src\routes\rooms\room.routes.ts
FN:4,(anonymous_0)
FNF:1
FNH:1
FNDA:6,(anonymous_0)
DA:2,6
DA:4,6
DA:15,6
LF:3
LH:3
BRF:0
BRH:0
end_of_record
TN:
SF:src\routes\statusReservations\status.routes.ts
FN:4,(anonymous_0)
FNF:1
FNH:1
FNDA:6,(anonymous_0)
DA:2,6
DA:4,6
DA:15,6
LF:3
LH:3
BRF:0
BRH:0
end_of_record
TN:
SF:src\server\server.ts
FN:8,(anonymous_14)
FN:16,Server
FN:23,(anonymous_16)
FN:35,(anonymous_17)
FN:36,(anonymous_18)
FN:51,(anonymous_19)
FN:55,(anonymous_20)
FN:58,(anonymous_23)
FN:68,(anonymous_24)
FN:69,(anonymous_25)
FN:76,(anonymous_26)
FNF:11
FNH:9
FNDA:6,(anonymous_14)
FNDA:15,Server
FNDA:15,(anonymous_16)
FNDA:15,(anonymous_17)
FNDA:15,(anonymous_18)
FNDA:15,(anonymous_19)
FNDA:15,(anonymous_20)
FNDA:8,(anonymous_23)
FNDA:0,(anonymous_24)
FNDA:0,(anonymous_25)
FNDA:15,(anonymous_26)
DA:1,6
DA:2,6
DA:3,6
DA:4,6
DA:5,6
DA:6,6
DA:8,6
DA:11,15
DA:12,15
DA:17,15
DA:18,15
DA:19,15
DA:20,15
DA:23,6
DA:26,15
DA:29,15
DA:32,15
DA:35,6
DA:36,15
DA:37,15
DA:51,6
DA:52,15
DA:55,6
DA:57,15
DA:58,30
DA:59,8
DA:62,7
DA:63,7
DA:68,6
DA:69,0
DA:70,0
DA:71,0
DA:76,6
DA:77,15
DA:80,6
LF:35
LH:32
BRDA:11,0,0,15
BRDA:11,0,1,15
BRF:2
BRH:2
end_of_record
